<?xml version="1.0" encoding="UTF-8"?>
<testng-results ignored="0" total="2" passed="2" failed="0" skipped="0">
  <reporter-output>
  </reporter-output>
  <suite started-at="2025-05-31T17:06:02 IST" name="Surefire suite" finished-at="2025-05-31T17:06:02 IST" duration-ms="89">
    <groups>
    </groups>
    <test started-at="2025-05-31T17:06:02 IST" name="Surefire test" finished-at="2025-05-31T17:06:02 IST" duration-ms="89">
      <class name="pack1.chrometest">
        <test-method signature="VedamTest()[pri:0, instance:pack1.chrometest@156b88f5]" started-at="2025-05-31T17:06:02 IST" name="VedamTest" finished-at="2025-05-31T17:06:02 IST" duration-ms="10" status="PASS">
          <reporter-output>
          </reporter-output>
        </test-method> <!-- VedamTest -->
        <test-method signature="vedalu()[pri:0, instance:pack1.chrometest@156b88f5]" started-at="2025-05-31T17:06:02 IST" name="vedalu" finished-at="2025-05-31T17:06:02 IST" duration-ms="1" status="PASS">
          <reporter-output>
          </reporter-output>
        </test-method> <!-- vedalu -->
      </class> <!-- pack1.chrometest -->
    </test> <!-- Surefire test -->
  </suite> <!-- Surefire suite -->
</testng-results>
